<?xml version="1.0" encoding="UTF-8"?>
<testng-results ignored="0" total="3" passed="3" failed="0" skipped="0">
  <reporter-output>
  </reporter-output>
  <suite started-at="2022-09-19T16:11:19 IST" name="Default suite" finished-at="2022-09-19T16:11:39 IST" duration-ms="20164">
    <groups>
    </groups>
    <test started-at="2022-09-19T16:11:19 IST" name="Default test" finished-at="2022-09-19T16:11:39 IST" duration-ms="20164">
      <class name="mobileworld.signin">
        <test-method signature="sign(java.lang.String,java.lang.String)[pri:0, instance:mobileworld.signin@3fb1549b]" started-at="2022-09-19T16:11:19 IST" name="sign" data-provider="dp1" finished-at="2022-09-19T16:11:28 IST" duration-ms="9251" status="PASS">
          <params>
            <param index="0">
              <value>
                <![CDATA[Bhairavi]]>
              </value>
            </param>
            <param index="1">
              <value>
                <![CDATA[Bhairavi1]]>
              </value>
            </param>
          </params>
          <reporter-output>
          </reporter-output>
        </test-method> <!-- sign -->
        <test-method signature="sign(java.lang.String,java.lang.String)[pri:0, instance:mobileworld.signin@3fb1549b]" started-at="2022-09-19T16:11:28 IST" name="sign" data-provider="dp1" finished-at="2022-09-19T16:11:33 IST" duration-ms="5254" status="PASS">
          <params>
            <param index="0">
              <value>
                <![CDATA[bh]]>
              </value>
            </param>
            <param index="1">
              <value>
                <![CDATA[Pas]]>
              </value>
            </param>
          </params>
          <reporter-output>
          </reporter-output>
        </test-method> <!-- sign -->
        <test-method signature="sign(java.lang.String,java.lang.String)[pri:0, instance:mobileworld.signin@3fb1549b]" started-at="2022-09-19T16:11:33 IST" name="sign" data-provider="dp1" finished-at="2022-09-19T16:11:39 IST" duration-ms="5610" status="PASS">
          <params>
            <param index="0">
              <value>
                <![CDATA[hggdcvgvcuyeguyefgcuygf]]>
              </value>
            </param>
            <param index="1">
              <value>
                <![CDATA[fdtfvdgvtyg]]>
              </value>
            </param>
          </params>
          <reporter-output>
          </reporter-output>
        </test-method> <!-- sign -->
      </class> <!-- mobileworld.signin -->
    </test> <!-- Default test -->
  </suite> <!-- Default suite -->
</testng-results>
